Mon Apr 30 2018 22:37:00 GMT-0400 (EDT): GET /about
Mon Apr 30 2018 22:37:01 GMT-0400 (EDT): GET /
Mon Apr 30 2018 22:37:02 GMT-0400 (EDT): GET /about
Mon Apr 30 2018 22:37:07 GMT-0400 (EDT): GET /
Mon Apr 30 2018 22:42:32 GMT-0400 (EDT): GET /
Mon Apr 30 2018 22:42:35 GMT-0400 (EDT): GET /
Mon Apr 30 2018 22:42:36 GMT-0400 (EDT): GET /about
Mon Apr 30 2018 22:42:37 GMT-0400 (EDT): GET /
Mon Apr 30 2018 22:42:39 GMT-0400 (EDT): GET /about
Mon Apr 30 2018 22:42:43 GMT-0400 (EDT): GET /bad
Mon Apr 30 2018 22:43:03 GMT-0400 (EDT): GET /bad
Mon Apr 30 2018 22:43:10 GMT-0400 (EDT): GET /
Mon Apr 30 2018 22:43:11 GMT-0400 (EDT): GET /about
Mon Apr 30 2018 22:47:52 GMT-0400 (EDT): GET /help.html
Mon Apr 30 2018 22:48:22 GMT-0400 (EDT): GET /help.html
Mon Apr 30 2018 22:48:27 GMT-0400 (EDT): GET /
Mon Apr 30 2018 22:48:28 GMT-0400 (EDT): GET /
Mon Apr 30 2018 22:48:30 GMT-0400 (EDT): GET /about
Tue May 01 2018 02:04:28 GMT-0400 (EDT): GET /about
Tue May 01 2018 02:05:52 GMT-0400 (EDT): GET /about
